<?xml version="1.0" encoding="UTF-8"?>
<!-- Generated by org.testng.reporters.JUnitReportReporter -->
<testsuite hostname="DESKTOP-GRUJ0M8" failures="0" tests="1" name="runner.TestRunner2" time="10.035" errors="0" timestamp="2024-03-16T05:33:47 IST" skipped="0">
  <testcase classname="runner.TestRunner2" name="runScenario" time="10.035">
    <system-out>
      <![CDATA[Launching the browser using the URL:=https://www.demoblaze.com/index.html
Clicking on the element with locator:=By.xpath: //a[@id='login2']
Setting the text of the element:=By.id: loginusername with data:=bharathedu1
Setting the text of the element:=By.id: loginpassword with data:=123456
Clicking on the element with locator:=By.xpath: //button[text()='Log in']
Clicking on the element with locator:=By.xpath: //a[text()='Laptops']]]>
    </system-out>
  </testcase> <!-- runScenario -->
  <system-out>
    <![CDATA[Launching the browser using the URL:=https://www.demoblaze.com/index.html
Clicking on the element with locator:=By.xpath: //a[@id='login2']
Setting the text of the element:=By.id: loginusername with data:=bharathedu1
Setting the text of the element:=By.id: loginpassword with data:=123456
Clicking on the element with locator:=By.xpath: //button[text()='Log in']
Clicking on the element with locator:=By.xpath: //a[text()='Laptops']]]>
  </system-out>
</testsuite> <!-- runner.TestRunner2 -->
